{"level":"info","timestamp":"2024-09-19T15:27:44.269-0500","msg":"Cache created"}
{"level":"info","timestamp":"2024-09-19T17:54:43.369-0500","msg":"Cache created"}
{"level":"info","timestamp":"2024-09-19T21:57:17.363-0500","msg":"Cache created"}
{"level":"info","timestamp":"2024-09-19T21:59:23.189-0500","msg":"Cache created"}
{"level":"info","timestamp":"2024-09-20T09:44:25.748-0500","msg":"Cache created"}
{"level":"info","timestamp":"2024-09-20T09:44:32.605-0500","msg":"Authenticate","GrantType":"password","Username":"admin","Password":"*************","RefreshToken":""}
{"level":"info","timestamp":"2024-09-20T09:44:32.605-0500","msg":"Login verified"}
{"level":"panic","timestamp":"2024-09-20T23:53:44.749-0500","msg":"Missing required environment variable SECRET_SERVER_FILE_FOLDER or command line flag -f"}
{"level":"info","timestamp":"2024-09-20T23:55:36.847-0500","msg":"Cache created"}
{"level":"info","timestamp":"2024-09-20T23:55:51.108-0500","msg":"Authenticate","GrantType":"password","Username":"admin","Password":"*************","RefreshToken":""}
{"level":"info","timestamp":"2024-09-20T23:55:51.109-0500","msg":"Invalid authentication.  Verify username and password values.","GrantType":"password","RefreshToken":""}
{"level":"info","timestamp":"2024-09-20T23:59:04.793-0500","msg":"Authenticate","GrantType":"password","Username":"kevin.kelche@example.com","Password":"*************","RefreshToken":""}
{"level":"info","timestamp":"2024-09-20T23:59:04.794-0500","msg":"Login verified"}
{"level":"info","timestamp":"2024-09-20T23:59:07.107-0500","msg":"Authenticate","GrantType":"password","Username":"kevin.kelche@example.com","Password":"*************","RefreshToken":""}
{"level":"info","timestamp":"2024-09-20T23:59:07.107-0500","msg":"Login verified"}
{"level":"info","timestamp":"2024-09-22T21:23:35.498-0500","msg":"Cache created"}
{"level":"info","timestamp":"2024-09-22T22:26:30.000-0500","msg":"Cache created"}
{"level":"info","timestamp":"2024-09-22T22:26:30.000-0500","msg":"Configuration ","FileFolder":"C:/dev/secret.server/mock-datastore","RequiredAccessRole":"Admin","Timeout":3600}
{"level":"info","timestamp":"2024-09-22T22:27:27.292-0500","msg":"Authenticate","GrantType":"password","Username":"kevin.kelche@example.com","Password":"*************","RefreshToken":""}
{"level":"info","timestamp":"2024-09-22T22:27:27.292-0500","msg":"Login verified"}
{"level":"info","timestamp":"2024-09-22T22:31:39.495-0500","msg":"Authenticate","GrantType":"password","Username":"JasonLang","Password":"*************","RefreshToken":""}
{"level":"info","timestamp":"2024-09-22T22:31:39.496-0500","msg":"Login verified"}
{"level":"info","timestamp":"2024-09-22T22:41:50.396-0500","msg":"Cache created"}
{"level":"info","timestamp":"2024-09-22T22:41:50.396-0500","msg":"Configuration ","FileFolder":"C:/dev/secret.server/mock-datastore","RequiredAccessRole":"Admin","Timeout":3600}
{"level":"info","timestamp":"2024-09-22T22:42:04.159-0500","msg":"Authenticate","GrantType":"password","Username":"JasonLang","Password":"*************","RefreshToken":""}
{"level":"info","timestamp":"2024-09-22T22:42:27.465-0500","msg":"Authenticate","GrantType":"password","Username":"kevin.kelche@example.com","Password":"*************","RefreshToken":""}
{"level":"info","timestamp":"2024-09-22T22:42:27.466-0500","msg":"Login verified"}
{"level":"info","timestamp":"2024-10-09T17:52:13.971-0500","msg":"Cache created"}
{"level":"info","timestamp":"2024-10-09T17:52:13.972-0500","msg":"Configuration ","FileFolder":"C:/dev/secret.server/mock-datastore","RequiredAccessRole":"Admin","Timeout":3600}
{"level":"info","timestamp":"2024-10-09T17:53:27.890-0500","msg":"Cache created"}
{"level":"info","timestamp":"2024-10-09T17:53:27.891-0500","msg":"Configuration ","FileFolder":"C:/dev/secret.server/mock-datastore","RequiredAccessRole":"Admin","Timeout":3600}
{"level":"info","timestamp":"2024-10-09T18:38:49.809-0500","msg":"Cache created"}
{"level":"info","timestamp":"2024-10-09T18:38:49.809-0500","msg":"Configuration ","FileFolder":"C:/dev/secret.server/mock-datastore","RequiredAccessRole":"Admin","Timeout":3600}
{"level":"info","timestamp":"2024-10-09T18:39:09.902-0500","msg":"Authenticate","GrantType":"password","Username":"kevin.kelche@example.com","Password":"*************","RefreshToken":""}
{"level":"info","timestamp":"2024-10-09T18:39:09.903-0500","msg":"Login verified"}
{"level":"info","timestamp":"2024-10-09T18:39:40.815-0500","msg":"Authenticate","GrantType":"password","Username":"JasonLang","Password":"*************","RefreshToken":""}
{"level":"info","timestamp":"2024-10-09T18:39:40.816-0500","msg":"Login verified"}
{"level":"info","timestamp":"2024-10-09T19:45:33.719-0500","msg":"Cache created"}
{"level":"info","timestamp":"2024-10-09T19:45:33.720-0500","msg":"Configuration ","FileFolder":"C:/dev/secret.server/mock-datastore","RequiredAccessRole":"Admin","Timeout":3600}
{"level":"info","timestamp":"2024-10-09T19:45:49.755-0500","msg":"Authenticate","GrantType":"password","Username":"JasonLang","Password":"*************","RefreshToken":""}
{"level":"info","timestamp":"2024-10-09T19:45:49.755-0500","msg":"Login verified"}
{"level":"info","timestamp":"2024-10-09T19:50:25.232-0500","msg":"Cache created"}
{"level":"info","timestamp":"2024-10-09T19:50:25.233-0500","msg":"Configuration ","FileFolder":"C:/dev/secret.server/mock-datastore","RequiredAccessRole":"Admin","Timeout":3600}
{"level":"info","timestamp":"2024-10-09T19:56:42.072-0500","msg":"Cache created"}
{"level":"info","timestamp":"2024-10-09T19:56:42.073-0500","msg":"Configuration ","FileFolder":"C:/dev/secret.server/mock-datastore","RequiredAccessRole":"Admin","Timeout":3600}
{"level":"info","timestamp":"2024-10-09T19:56:51.336-0500","msg":"Authenticate","GrantType":"password","Username":"JasonLang","Password":"*************","RefreshToken":""}
{"level":"info","timestamp":"2024-10-09T19:56:51.337-0500","msg":"Login verified"}
{"level":"info","timestamp":"2024-10-10T13:17:23.061-0500","msg":"Token cache created"}
{"level":"info","timestamp":"2024-10-10T13:17:23.063-0500","msg":"Configuration ","FileFolder":"C:/dev/secret.server/mock-datastore","RequiredAccessRole":"Admin","Timeout":3600}
{"level":"info","timestamp":"2024-10-10T13:17:33.945-0500","msg":"Authenticate","GrantType":"password","Username":"JasonLang","Password":"*************","RefreshToken":""}
{"level":"info","timestamp":"2024-10-10T13:17:33.945-0500","msg":"Login verified"}
{"level":"info","timestamp":"2024-10-10T13:25:51.333-0500","msg":"Token cache created"}
{"level":"info","timestamp":"2024-10-10T13:25:51.333-0500","msg":"Configuration ","FileFolder":"C:/dev/secret.server/mock-datastore","RequiredAccessRole":"Admin","Timeout":3600}
{"level":"info","timestamp":"2024-10-10T13:25:56.752-0500","msg":"Authenticate","GrantType":"password","Username":"JasonLang","Password":"*************","RefreshToken":""}
{"level":"info","timestamp":"2024-10-10T13:25:56.752-0500","msg":"Login verified"}
{"level":"info","timestamp":"2024-10-10T17:04:40.162-0500","msg":"Token cache created"}
{"level":"info","timestamp":"2024-10-10T17:04:40.162-0500","msg":"Configuration ","FileFolder":"C:/dev/secret.server/mock-datastore","RequiredAccessRole":"Admin","Timeout":3600}
{"level":"info","timestamp":"2024-10-10T17:04:56.206-0500","msg":"Authenticate","GrantType":"password","Username":"JasonLang","Password":"*************","RefreshToken":""}
{"level":"info","timestamp":"2024-10-10T17:04:56.207-0500","msg":"Login verified"}
{"level":"info","timestamp":"2024-10-10T17:06:43.105-0500","msg":"Token cache created"}
{"level":"info","timestamp":"2024-10-10T17:06:43.105-0500","msg":"Configuration ","FileFolder":"C:/dev/secret.server/mock-datastore","RequiredAccessRole":"Admin","Timeout":3600}
{"level":"info","timestamp":"2024-10-10T17:06:47.421-0500","msg":"Authenticate","GrantType":"password","Username":"JasonLang","Password":"*************","RefreshToken":""}
{"level":"info","timestamp":"2024-10-10T17:06:47.421-0500","msg":"Login verified"}
{"level":"info","timestamp":"2024-10-10T17:13:17.836-0500","msg":"Token cache created"}
{"level":"info","timestamp":"2024-10-10T17:13:17.836-0500","msg":"Configuration ","FileFolder":"C:/dev/secret.server/mock-datastore","RequiredAccessRole":"Admin","Timeout":3600}
{"level":"info","timestamp":"2024-10-10T17:13:31.016-0500","msg":"Authenticate","GrantType":"password","Username":"JasonLang","Password":"*************","RefreshToken":""}
{"level":"info","timestamp":"2024-10-10T17:13:31.017-0500","msg":"Login verified"}
{"level":"info","timestamp":"2024-10-10T17:24:55.976-0500","msg":"Token cache created"}
{"level":"info","timestamp":"2024-10-10T17:24:55.977-0500","msg":"Configuration ","FileFolder":"C:/dev/secret.server/mock-datastore","RequiredAccessRole":"Admin","Timeout":3600}
{"level":"info","timestamp":"2024-10-10T17:25:07.648-0500","msg":"Authenticate","GrantType":"password","Username":"JasonLang","Password":"*************","RefreshToken":""}
{"level":"info","timestamp":"2024-10-10T17:25:07.648-0500","msg":"Login verified"}
{"level":"info","timestamp":"2024-10-11T12:34:05.037-0500","msg":"Token cache created"}
{"level":"info","timestamp":"2024-10-11T12:34:05.038-0500","msg":"Configuration ","FileFolder":"C:/dev/secret.server/mock-datastore","RequiredAccessRole":"Admin","Timeout":3600}
{"level":"info","timestamp":"2024-10-11T18:13:38.625-0500","msg":"Authenticate","GrantType":"password","Username":"kevin.kelche@example.com","Password":"*************","RefreshToken":""}
{"level":"info","timestamp":"2024-10-11T18:13:38.626-0500","msg":"Login verified"}
{"level":"info","timestamp":"2024-10-11T18:18:33.201-0500","msg":"Token cache created"}
{"level":"info","timestamp":"2024-10-11T18:18:33.201-0500","msg":"Configuration ","FileFolder":"C:/dev/secret.server/mock-datastore","RequiredAccessRole":"Admin","Timeout":3600}
{"level":"info","timestamp":"2024-10-11T18:18:40.746-0500","msg":"Authenticate","GrantType":"password","Username":"kevin.kelche@example.com","Password":"*************","RefreshToken":""}
{"level":"info","timestamp":"2024-10-11T18:18:40.746-0500","msg":"Login verified"}
{"level":"info","timestamp":"2024-10-12T20:24:10.215-0500","msg":"Token cache created"}
{"level":"info","timestamp":"2024-10-12T20:24:10.216-0500","msg":"Configuration ","FileFolder":"C:/dev/secret.server/mock-datastore","RequiredAccessRole":"Admin","Timeout":3600}
{"level":"info","timestamp":"2024-10-12T20:28:15.814-0500","msg":"Authenticate","GrantType":"password","Username":"kevin.kelche@example.com","Password":"*************","RefreshToken":""}
{"level":"info","timestamp":"2024-10-12T20:28:15.814-0500","msg":"Login verified"}
{"level":"info","timestamp":"2024-10-12T20:28:41.848-0500","msg":"Authenticate","GrantType":"password","Username":"JasonLang","Password":"*************","RefreshToken":""}
{"level":"info","timestamp":"2024-10-12T20:28:41.848-0500","msg":"Login verified"}
{"level":"info","timestamp":"2024-10-14T12:32:58.992-0500","msg":"Token cache created"}
{"level":"info","timestamp":"2024-10-14T12:32:58.993-0500","msg":"Configuration ","FileFolder":"C:/dev/secret.server/mock-datastore","RequiredAccessRole":"Admin","Timeout":3600}
{"level":"info","timestamp":"2024-10-14T12:33:40.493-0500","msg":"Authenticate","GrantType":"password","Username":"JasonLang","Password":"*************","RefreshToken":""}
{"level":"info","timestamp":"2024-10-14T12:33:40.493-0500","msg":"Login verified"}
{"level":"info","timestamp":"2024-10-14T12:35:21.152-0500","msg":"Authenticate","GrantType":"password","Username":"kevin.kelche@example.com","Password":"*************","RefreshToken":""}
{"level":"info","timestamp":"2024-10-14T12:35:21.152-0500","msg":"Login verified"}
{"level":"info","timestamp":"2024-10-14T12:39:05.025-0500","msg":"Token cache created"}
{"level":"info","timestamp":"2024-10-14T12:39:05.025-0500","msg":"Configuration ","FileFolder":"C:/dev/secret.server/mock-datastore","RequiredAccessRole":"Admin","Timeout":3600}
{"level":"info","timestamp":"2024-10-14T12:39:15.091-0500","msg":"Authenticate","GrantType":"password","Username":"kevin.kelche@example.com","Password":"*************","RefreshToken":""}
{"level":"info","timestamp":"2024-10-14T12:39:15.091-0500","msg":"Login verified"}
{"level":"info","timestamp":"2024-10-14T12:55:45.749-0500","msg":"Token cache created"}
{"level":"info","timestamp":"2024-10-14T12:55:45.750-0500","msg":"Configuration ","FileFolder":"C:/dev/secret.server/mock-datastore","RequiredAccessRole":"Admin","Timeout":3600}
{"level":"info","timestamp":"2024-10-14T12:55:55.404-0500","msg":"Authenticate","GrantType":"password","Username":"kevin.kelche@example.com","Password":"*************","RefreshToken":""}
{"level":"info","timestamp":"2024-10-14T12:55:55.404-0500","msg":"Login verified"}
{"level":"info","timestamp":"2024-10-14T12:56:50.129-0500","msg":"Token cache created"}
{"level":"info","timestamp":"2024-10-14T12:56:50.130-0500","msg":"Configuration ","FileFolder":"C:/dev/secret.server/mock-datastore","RequiredAccessRole":"Admin","Timeout":3600}
{"level":"info","timestamp":"2024-10-14T12:56:58.546-0500","msg":"Authenticate","GrantType":"password","Username":"kevin.kelche@example.com","Password":"*************","RefreshToken":""}
{"level":"info","timestamp":"2024-10-14T12:56:58.546-0500","msg":"Login verified"}
{"level":"info","timestamp":"2024-10-14T13:00:50.971-0500","msg":"Token cache created"}
{"level":"info","timestamp":"2024-10-14T13:00:50.972-0500","msg":"Configuration ","FileFolder":"C:/dev/secret.server/mock-datastore","RequiredAccessRole":"Admin","Timeout":3600}
{"level":"info","timestamp":"2024-10-14T13:01:07.089-0500","msg":"Authenticate","GrantType":"password","Username":"kevin.kelche@example.com","Password":"*************","RefreshToken":""}
{"level":"info","timestamp":"2024-10-14T13:01:07.089-0500","msg":"Login verified"}
{"level":"info","timestamp":"2024-10-14T13:02:57.265-0500","msg":"Token cache created"}
{"level":"info","timestamp":"2024-10-14T13:02:57.265-0500","msg":"Configuration ","FileFolder":"C:/dev/secret.server/mock-datastore","RequiredAccessRole":"Admin","Timeout":3600}
{"level":"info","timestamp":"2024-10-14T13:03:19.097-0500","msg":"Authenticate","GrantType":"password","Username":"kevin.kelche@example.com","Password":"*************","RefreshToken":""}
{"level":"info","timestamp":"2024-10-14T13:03:19.097-0500","msg":"Login verified"}
{"level":"info","timestamp":"2024-10-14T13:30:15.499-0500","msg":"Token cache created"}
{"level":"info","timestamp":"2024-10-14T13:30:15.499-0500","msg":"Configuration ","FileFolder":"C:/dev/secret.server/mock-datastore","RequiredAccessRole":"Admin","Timeout":3600}
{"level":"info","timestamp":"2024-10-14T13:30:25.927-0500","msg":"Authenticate","GrantType":"password","Username":"kevin.kelche@example.com","Password":"*************","RefreshToken":""}
{"level":"info","timestamp":"2024-10-14T13:30:25.928-0500","msg":"Login verified"}
{"level":"info","timestamp":"2024-10-14T13:52:41.237-0500","msg":"Token cache created"}
{"level":"info","timestamp":"2024-10-14T13:52:41.238-0500","msg":"Configuration ","FileFolder":"C:/dev/secret.server/mock-datastore","RequiredAccessRole":"Admin","Timeout":3600}
{"level":"info","timestamp":"2024-10-14T13:52:48.296-0500","msg":"Authenticate","GrantType":"password","Username":"kevin.kelche@example.com","Password":"*************","RefreshToken":""}
{"level":"info","timestamp":"2024-10-14T13:52:48.296-0500","msg":"Login verified"}
{"level":"info","timestamp":"2024-10-14T17:50:55.472-0500","msg":"Token cache created"}
{"level":"info","timestamp":"2024-10-14T17:50:55.473-0500","msg":"Configuration ","FileFolder":"C:/dev/secret.server/mock-datastore","RequiredAccessRole":"Admin","Timeout":3600}
{"level":"info","timestamp":"2024-10-14T17:51:04.800-0500","msg":"Authenticate","GrantType":"password","Username":"kevin.kelche@example.com","Password":"*************","RefreshToken":""}
{"level":"info","timestamp":"2024-10-14T17:51:04.801-0500","msg":"Login verified"}
{"level":"info","timestamp":"2024-10-14T18:53:26.722-0500","msg":"Token cache created"}
{"level":"info","timestamp":"2024-10-14T18:53:26.722-0500","msg":"Configuration ","FileFolder":"C:/dev/secret.server/mock-datastore","RequiredAccessRole":"Admin","Timeout":3600}
{"level":"info","timestamp":"2024-10-14T18:53:39.797-0500","msg":"Authenticate","GrantType":"password","Username":"kevin.kelche@example.com","Password":"*************","RefreshToken":""}
{"level":"info","timestamp":"2024-10-14T18:53:39.798-0500","msg":"Login verified"}
{"level":"info","timestamp":"2024-10-14T18:57:00.534-0500","msg":"Token cache created"}
{"level":"info","timestamp":"2024-10-14T18:57:00.534-0500","msg":"Configuration ","FileFolder":"C:/dev/secret.server/mock-datastore","RequiredAccessRole":"Admin","Timeout":3600}
{"level":"info","timestamp":"2024-10-14T18:57:05.762-0500","msg":"Authenticate","GrantType":"password","Username":"kevin.kelche@example.com","Password":"*************","RefreshToken":""}
{"level":"info","timestamp":"2024-10-14T18:57:05.762-0500","msg":"Login verified"}
{"level":"info","timestamp":"2024-10-14T20:01:13.809-0500","msg":"Token cache created"}
{"level":"info","timestamp":"2024-10-14T20:01:13.809-0500","msg":"Configuration ","FileFolder":"C:/dev/secret.server/mock-datastore","RequiredAccessRole":"Admin","Timeout":3600}
{"level":"info","timestamp":"2024-10-14T20:01:34.917-0500","msg":"Authenticate","GrantType":"password","Username":"kevin.kelche@example.com","Password":"*************","RefreshToken":""}
{"level":"info","timestamp":"2024-10-14T20:01:34.918-0500","msg":"Login verified"}
{"level":"info","timestamp":"2024-10-14T20:24:32.258-0500","msg":"Token cache created"}
{"level":"info","timestamp":"2024-10-14T20:24:32.259-0500","msg":"Configuration ","FileFolder":"C:/dev/secret.server/mock-datastore","RequiredAccessRole":"Admin","Timeout":3600}
{"level":"info","timestamp":"2024-10-14T20:24:44.620-0500","msg":"Authenticate","GrantType":"password","Username":"kevin.kelche@example.com","Password":"*************","RefreshToken":""}
{"level":"info","timestamp":"2024-10-14T20:24:44.620-0500","msg":"Login verified"}
{"level":"info","timestamp":"2024-10-14T22:04:53.529-0500","msg":"Token cache created"}
{"level":"info","timestamp":"2024-10-14T22:04:53.529-0500","msg":"Configuration ","FileFolder":"C:/dev/secret.server/mock-datastore","RequiredAccessRole":"Admin","Timeout":3600}
{"level":"info","timestamp":"2024-10-14T22:05:14.388-0500","msg":"Authenticate","GrantType":"password","Username":"kevin.kelche@example.com","Password":"*************","RefreshToken":""}
{"level":"info","timestamp":"2024-10-14T22:16:43.103-0500","msg":"Login verified"}
{"level":"info","timestamp":"2024-10-15T10:23:44.425-0500","msg":"Token cache created"}
{"level":"info","timestamp":"2024-10-15T10:23:44.425-0500","msg":"Configuration ","FileFolder":"C:/dev/secret.server/mock-datastore","RequiredAccessRole":"Admin","Timeout":3600}
{"level":"info","timestamp":"2024-10-16T22:20:06.241-0500","msg":"Token cache created"}
{"level":"info","timestamp":"2024-10-16T22:20:06.241-0500","msg":"Configuration ","FileFolder":"C:/dev/secret.server/mock-datastore","RequiredAccessRole":"Admin","Timeout":3600}
{"level":"info","timestamp":"2024-10-16T22:26:48.214-0500","msg":"Token cache created"}
{"level":"info","timestamp":"2024-10-16T22:26:48.214-0500","msg":"Configuration ","FileFolder":"C:/dev/secret.server/mock-datastore","RequiredAccessRole":"Admin","Timeout":3600}
{"level":"info","timestamp":"2024-10-16T22:26:52.910-0500","msg":"Token cache created"}
{"level":"info","timestamp":"2024-10-16T22:26:52.910-0500","msg":"Configuration ","FileFolder":"C:/dev/secret.server/mock-datastore","RequiredAccessRole":"Admin","Timeout":3600}
{"level":"info","timestamp":"2024-10-16T22:27:04.427-0500","msg":"Authenticate","GrantType":"password","Username":"KevinKelche","Password":"*************","RefreshToken":""}
{"level":"info","timestamp":"2024-10-16T22:27:04.427-0500","msg":"Login verified"}
{"level":"info","timestamp":"2024-10-16T22:34:57.798-0500","msg":"Token cache created"}
{"level":"info","timestamp":"2024-10-16T22:34:57.799-0500","msg":"Configuration ","FileFolder":"C:/dev/secret.server/mock-datastore","RequiredAccessRole":"Admin","Timeout":3600}
{"level":"info","timestamp":"2024-10-16T22:35:10.005-0500","msg":"Authenticate","GrantType":"password","Username":"KevinKelche","Password":"*************","RefreshToken":""}
{"level":"info","timestamp":"2024-10-16T22:35:10.005-0500","msg":"Login verified"}
{"level":"info","timestamp":"2024-10-23T10:54:24.375-0500","msg":"Token cache created"}
{"level":"info","timestamp":"2024-10-23T10:54:24.375-0500","msg":"Configuration ","FileFolder":"C:/dev/secret.server/mock-datastore","RequiredAccessRole":"Admin","Timeout":3600}
{"level":"info","timestamp":"2024-10-23T10:55:29.837-0500","msg":"Authenticate","GrantType":"password","Username":"kevin.kelche@example.com","Password":"*************","RefreshToken":""}
{"level":"info","timestamp":"2024-10-23T10:55:29.837-0500","msg":"Login verified"}
{"level":"info","timestamp":"2024-11-24T18:05:45.187-0600","msg":"Token cache created"}
{"level":"info","timestamp":"2024-11-24T18:05:45.187-0600","msg":"Configuration ","FileFolder":"C:/dev/secret.server/mock-datastore","RequiredAccessRole":"Admin","Timeout":3600}
{"level":"info","timestamp":"2024-11-24T20:32:31.169-0600","msg":"Token cache created"}
{"level":"info","timestamp":"2024-11-24T20:32:31.169-0600","msg":"Configuration ","FileFolder":"C:/dev/secret.server/mock-datastore","RequiredAccessRole":"Admin","Timeout":3600}
{"level":"info","timestamp":"2024-11-24T20:34:32.194-0600","msg":"Authenticate","GrantType":"password","Username":"KevinKelche","Password":"*************","RefreshToken":""}
{"level":"info","timestamp":"2024-11-24T20:34:32.194-0600","msg":"Login verified"}
{"level":"info","timestamp":"2024-11-24T20:58:49.993-0600","msg":"Authenticate","GrantType":"password","Username":"KevinKelche","Password":"*************","RefreshToken":""}
{"level":"info","timestamp":"2024-11-24T20:58:49.993-0600","msg":"Login verified"}
{"level":"info","timestamp":"2024-11-24T20:59:30.165-0600","msg":"Authenticate","GrantType":"password","Username":"KevinKelche","Password":"*************","RefreshToken":""}
{"level":"info","timestamp":"2024-11-24T20:59:30.165-0600","msg":"Login verified"}
{"level":"info","timestamp":"2024-11-24T21:00:06.493-0600","msg":"Authenticate","GrantType":"password","Username":"KevinKelche","Password":"*************","RefreshToken":""}
{"level":"info","timestamp":"2024-11-24T21:00:06.493-0600","msg":"Login verified"}
{"level":"info","timestamp":"2024-11-24T21:02:07.893-0600","msg":"Token cache created"}
{"level":"info","timestamp":"2024-11-24T21:02:07.895-0600","msg":"Configuration ","FileFolder":"C:/dev/secret.server/mock-datastore","RequiredAccessRole":"Admin","Timeout":3600}
{"level":"info","timestamp":"2024-11-24T22:35:14.531-0600","msg":"Authenticate","GrantType":"password","Username":"KevinKelche","Password":"*************","RefreshToken":""}
{"level":"info","timestamp":"2024-11-24T22:35:14.533-0600","msg":"Login verified"}
{"level":"info","timestamp":"2024-11-25T15:49:50.972-0600","msg":"Token cache created"}
{"level":"info","timestamp":"2024-11-25T15:49:50.973-0600","msg":"Configuration ","FileFolder":"C:/dev/secret.server/mock-datastore","RequiredAccessRole":"Admin","Timeout":3600}
{"level":"info","timestamp":"2024-11-25T15:50:27.577-0600","msg":"Authenticate","GrantType":"password","Username":"KevinKelche","Password":"*************","RefreshToken":""}
{"level":"info","timestamp":"2024-11-25T15:50:27.577-0600","msg":"Login verified"}
{"level":"info","timestamp":"2024-11-25T17:06:21.159-0600","msg":"Authenticate","GrantType":"password","Username":"KevinKelche","Password":"*************","RefreshToken":""}
{"level":"info","timestamp":"2024-11-25T17:06:21.160-0600","msg":"Login verified"}
